<?xml version="1.0" encoding="UTF-8"?>
<testng-results ignored="0" total="1" passed="1" failed="0" skipped="0">
  <reporter-output>
  </reporter-output>
  <suite started-at="2020-04-25T17:03:47 CDT" name="Default suite" finished-at="2020-04-25T17:04:00 CDT" duration-ms="12856">
    <groups>
    </groups>
    <test started-at="2020-04-25T17:03:47 CDT" name="Default test" finished-at="2020-04-25T17:04:00 CDT" duration-ms="12856">
      <class name="demo.Test1">
        <test-method is-config="true" signature="setUp()[pri:0, instance:demo.Test1@568ff82]" started-at="2020-04-25T17:03:47 CDT" name="setUp" finished-at="2020-04-25T17:03:48 CDT" duration-ms="1494" status="PASS">
          <reporter-output>
          </reporter-output>
        </test-method> <!-- setUp -->
        <test-method signature="test1()[pri:0, instance:demo.Test1@568ff82]" started-at="2020-04-25T17:03:48 CDT" name="test1" finished-at="2020-04-25T17:04:00 CDT" duration-ms="11227" status="PASS">
          <reporter-output>
          </reporter-output>
        </test-method> <!-- test1 -->
        <test-method is-config="true" signature="tearDown()[pri:0, instance:demo.Test1@568ff82]" started-at="2020-04-25T17:04:00 CDT" name="tearDown" finished-at="2020-04-25T17:04:00 CDT" duration-ms="105" status="PASS">
          <reporter-output>
          </reporter-output>
        </test-method> <!-- tearDown -->
      </class> <!-- demo.Test1 -->
    </test> <!-- Default test -->
  </suite> <!-- Default suite -->
</testng-results>
